<?xml version="1.0" encoding="UTF-8"?>
<!-- Generated by org.testng.reporters.JUnitXMLReporter -->
<testsuite ignored="0" hostname="NRDivase" failures="0" tests="1" name="FireFoxTest" time="0.116" errors="0" timestamp="2022-08-27T14:04:35 IST">
  <testcase classname="TestNGClasses.TestNg01" name="@BeforeTest crossbrowsing" time="0.09">
    <failure type="java.lang.IllegalStateException" message="The driver executable does not exist: C:\Users\nisha\eclipse-workspace\Amazon\src\test\resources\browsers\geckodriver.exe">
      <![CDATA[java.lang.IllegalStateException: The driver executable does not exist: C:\Users\nisha\eclipse-workspace\Amazon\src\test\resources\browsers\geckodriver.exe
at com.google.common.base.Preconditions.checkState(Preconditions.java:585)
at org.openqa.selenium.remote.service.DriverService.checkExecutable(DriverService.java:146)
at org.openqa.selenium.remote.service.DriverService.findExecutable(DriverService.java:141)
at org.openqa.selenium.firefox.GeckoDriverService.access$100(GeckoDriverService.java:44)
at org.openqa.selenium.firefox.GeckoDriverService$Builder.findDefaultExecutable(GeckoDriverService.java:167)
at org.openqa.selenium.remote.service.DriverService$Builder.build(DriverService.java:355)
at org.openqa.selenium.firefox.FirefoxDriver.toExecutor(FirefoxDriver.java:190)
at org.openqa.selenium.firefox.FirefoxDriver.<init>(FirefoxDriver.java:147)
at org.openqa.selenium.firefox.FirefoxDriver.<init>(FirefoxDriver.java:125)
at Browser.Base.openFirefoxBrowser(Base.java:18)
at TestNGClasses.TestNg01.crossbrowsing(TestNg01.java:51)
at java.base/java.util.concurrent.FutureTask.run(FutureTask.java:264)
at java.base/java.util.concurrent.ThreadPoolExecutor.runWorker(ThreadPoolExecutor.java:1136)
at java.base/java.util.concurrent.ThreadPoolExecutor$Worker.run(ThreadPoolExecutor.java:635)
at java.base/java.lang.Thread.run(Thread.java:833)
... Removed 15 stack frames]]>
    </failure>
  </testcase> <!-- @BeforeTest crossbrowsing -->
  <testcase classname="TestNGClasses.TestNg01" name="@BeforeClass launchbrowser" time="-1.661589275848E9">
    <skipped/>
  </testcase> <!-- @BeforeClass launchbrowser -->
  <testcase classname="TestNGClasses.TestNg01" name="@BeforeMethod loginpage" time="-1.661589275852E9">
    <skipped/>
  </testcase> <!-- @BeforeMethod loginpage -->
  <testcase classname="TestNGClasses.TestNg01" name="@AfterMethod logoutfromapplication" time="-1.661589275857E9">
    <skipped/>
  </testcase> <!-- @AfterMethod logoutfromapplication -->
  <testcase classname="TestNGClasses.TestNg01" name="@AfterClass closebrowser" time="-1.661589275859E9">
    <skipped/>
  </testcase> <!-- @AfterClass closebrowser -->
  <testcase classname="TestNGClasses.TestNg01" name="@AfterTest close" time="-1.661589275861E9">
    <skipped/>
  </testcase> <!-- @AfterTest close -->
  <testcase classname="TestNGClasses.TestNg01" name="VerifyError" time="0.0">
    <skipped/>
  </testcase> <!-- VerifyError -->
</testsuite> <!-- FireFoxTest -->
