<?xml version="1.0" encoding="UTF-8"?>
<!-- Generated by org.testng.reporters.JUnitXMLReporter -->
<testsuite ignored="0" hostname="NRDivase" failures="0" tests="1" name="Test" time="0.056" errors="0" timestamp="2022-08-27T14:30:35 IST">
  <testcase classname="TestNGClasses.TestNg01" name="@BeforeTest crossbrowsing" time="-1.661590835692E9">
    <failure type="org.testng.TestNGException" message="
Can inject only one of &amp;lt;ITestContext, XmlTest&amp;gt; into a @BeforeTest annotated crossbrowsing.
For more information on native dependency injection please refer to https://testng.org/doc/documentation-main.html#native-dependency-injection">
      <![CDATA[org.testng.TestNGException: 
Can inject only one of <ITestContext, XmlTest> into a @BeforeTest annotated crossbrowsing.
For more information on native dependency injection please refer to https://testng.org/doc/documentation-main.html#native-dependency-injection
... Removed 21 stack frames]]>
    </failure>
  </testcase> <!-- @BeforeTest crossbrowsing -->
  <testcase classname="TestNGClasses.TestNg01" name="@BeforeClass launchbrowser" time="-1.661590835715E9">
    <skipped/>
  </testcase> <!-- @BeforeClass launchbrowser -->
  <testcase classname="TestNGClasses.TestNg01" name="@BeforeMethod loginpage" time="-1.66159083573E9">
    <skipped/>
  </testcase> <!-- @BeforeMethod loginpage -->
  <testcase classname="TestNGClasses.TestNg01" name="@AfterMethod logoutfromapplication" time="-1.661590835737E9">
    <skipped/>
  </testcase> <!-- @AfterMethod logoutfromapplication -->
  <testcase classname="TestNGClasses.TestNg01" name="@AfterClass closebrowser" time="-1.661590835739E9">
    <skipped/>
  </testcase> <!-- @AfterClass closebrowser -->
  <testcase classname="TestNGClasses.TestNg01" name="@AfterTest close" time="-1.661590835741E9">
    <skipped/>
  </testcase> <!-- @AfterTest close -->
  <testcase classname="TestNGClasses.TestNg01" name="VerifyError" time="0.0">
    <skipped/>
  </testcase> <!-- VerifyError -->
</testsuite> <!-- Test -->
